# JRE version: OpenJDK Runtime Environment (17.0.6) (build 17.0.6+0-b2043.56-10027231)
# Java VM: OpenJDK 64-Bit Server VM (17.0.6+0-b2043.56-10027231, mixed mode, tiered, compressed oops, compressed class ptrs, g1 gc, windows-amd64)
GC Precious Log:
 CPUs: 8 total, 8 available
 Memory: 11968M
 Large Page Support: Disabled
 NUMA Support: Disabled
 Compressed Oops: Enabled (32-bit)
 Heap Region Size: 1M
 Heap Min Capacity: 8M
 Heap Initial Capacity: 188M
 Heap Max Capacity: 2G
 Pre-touch: Disabled
 Parallel Workers: 8
 Concurrent Workers: 2
 Concurrent Refinement Workers: 8
 Periodic GC: Disabled
Heap:
 garbage-first heap   total 348160K, used 180258K [0x0000000080000000, 0x0000000100000000)
  region size 1024K, 4 young (4096K), 4 survivors (4096K)
 Metaspace       used 180807K, committed 181632K, reserved 1212416K
  class space    used 23491K, committed 23872K, reserved 1048576K
GC Heap History (20 events):
Event: 88.113 GC heap after
{Heap after GC invocations=45 (full 0):
 garbage-first heap   total 348160K, used 115873K [0x0000000080000000, 0x0000000100000000)
  region size 1024K, 2 young (2048K), 2 survivors (2048K)
 Metaspace       used 135859K, committed 136576K, reserved 1171456K
  class space    used 17530K, committed 17856K, reserved 1048576K
}
Event: 92.247 GC heap before
{Heap before GC invocations=45 (full 0):
 garbage-first heap   total 348160K, used 265377K [0x0000000080000000, 0x0000000100000000)
  region size 1024K, 148 young (151552K), 2 survivors (2048K)
 Metaspace       used 148105K, committed 148800K, reserved 1179648K
  class space    used 19478K, committed 19776K, reserved 1048576K
}
Event: 92.274 GC heap after
{Heap after GC invocations=46 (full 0):
 garbage-first heap   total 348160K, used 122466K [0x0000000080000000, 0x0000000100000000)
  region size 1024K, 14 young (14336K), 14 survivors (14336K)
 Metaspace       used 148105K, committed 148800K, reserved 1179648K
  class space    used 19478K, committed 19776K, reserved 1048576K
}
Event: 96.079 GC heap before
{Heap before GC invocations=46 (full 0):
 garbage-first heap   total 348160K, used 258658K [0x0000000080000000, 0x0000000100000000)
  region size 1024K, 144 young (147456K), 14 survivors (14336K)
 Metaspace       used 156648K, committed 157440K, reserved 1187840K
  class space    used 20564K, committed 20928K, reserved 1048576K
}
Event: 96.111 GC heap after
{Heap after GC invocations=47 (full 0):
 garbage-first heap   total 348160K, used 138545K [0x0000000080000000, 0x0000000100000000)
  region size 1024K, 15 young (15360K), 15 survivors (15360K)
 Metaspace       used 156648K, committed 157440K, reserved 1187840K
  class space    used 20564K, committed 20928K, reserved 1048576K
}
Event: 99.294 GC heap before
{Heap before GC invocations=48 (full 0):
 garbage-first heap   total 348160K, used 301361K [0x0000000080000000, 0x0000000100000000)
  region size 1024K, 145 young (148480K), 15 survivors (15360K)
 Metaspace       used 160765K, committed 161600K, reserved 1196032K
  class space    used 20918K, committed 21312K, reserved 1048576K
}
Event: 99.313 GC heap after
{Heap after GC invocations=49 (full 0):
 garbage-first heap   total 348160K, used 138568K [0x0000000080000000, 0x0000000100000000)
  region size 1024K, 9 young (9216K), 9 survivors (9216K)
 Metaspace       used 160765K, committed 161600K, reserved 1196032K
  class space    used 20918K, committed 21312K, reserved 1048576K
}
Event: 99.416 GC heap before
{Heap before GC invocations=49 (full 0):
 garbage-first heap   total 348160K, used 146760K [0x0000000080000000, 0x0000000100000000)
  region size 1024K, 17 young (17408K), 9 survivors (9216K)
 Metaspace       used 160838K, committed 161664K, reserved 1196032K
  class space    used 20920K, committed 21312K, reserved 1048576K
}
Event: 99.429 GC heap after
{Heap after GC invocations=50 (full 0):
 garbage-first heap   total 348160K, used 135525K [0x0000000080000000, 0x0000000100000000)
  region size 1024K, 2 young (2048K), 2 survivors (2048K)
 Metaspace       used 160838K, committed 161664K, reserved 1196032K
  class space    used 20920K, committed 21312K, reserved 1048576K
}
Event: 101.065 GC heap before
{Heap before GC invocations=50 (full 0):
 garbage-first heap   total 348160K, used 274789K [0x0000000080000000, 0x0000000100000000)
  region size 1024K, 138 young (141312K), 2 survivors (2048K)
 Metaspace       used 164259K, committed 165120K, reserved 1196032K
  class space    used 21295K, committed 21696K, reserved 1048576K
}
Event: 101.082 GC heap after
{Heap after GC invocations=51 (full 0):
 garbage-first heap   total 348160K, used 141309K [0x0000000080000000, 0x0000000100000000)
  region size 1024K, 8 young (8192K), 8 survivors (8192K)
 Metaspace       used 164259K, committed 165120K, reserved 1196032K
  class space    used 21295K, committed 21696K, reserved 1048576K
}
Event: 102.998 GC heap before
{Heap before GC invocations=51 (full 0):
 garbage-first heap   total 348160K, used 278525K [0x0000000080000000, 0x0000000100000000)
  region size 1024K, 143 young (146432K), 8 survivors (8192K)
 Metaspace       used 166353K, committed 167168K, reserved 1196032K
  class space    used 21535K, committed 21888K, reserved 1048576K
}
Event: 103.018 GC heap after
{Heap after GC invocations=52 (full 0):
 garbage-first heap   total 348160K, used 148279K [0x0000000080000000, 0x0000000100000000)
  region size 1024K, 14 young (14336K), 14 survivors (14336K)
 Metaspace       used 166353K, committed 167168K, reserved 1196032K
  class space    used 21535K, committed 21888K, reserved 1048576K
}
Event: 105.652 GC heap before
{Heap before GC invocations=52 (full 0):
 garbage-first heap   total 348160K, used 282423K [0x0000000080000000, 0x0000000100000000)
  region size 1024K, 146 young (149504K), 14 survivors (14336K)
 Metaspace       used 172828K, committed 173696K, reserved 1204224K
  class space    used 22409K, committed 22784K, reserved 1048576K
}
Event: 105.698 GC heap after
{Heap after GC invocations=53 (full 0):
 garbage-first heap   total 348160K, used 167235K [0x0000000080000000, 0x0000000100000000)
  region size 1024K, 19 young (19456K), 19 survivors (19456K)
 Metaspace       used 172828K, committed 173696K, reserved 1204224K
  class space    used 22409K, committed 22784K, reserved 1048576K
}
Event: 107.026 GC heap before
{Heap before GC invocations=54 (full 0):
 garbage-first heap   total 348160K, used 277827K [0x0000000080000000, 0x0000000100000000)
  region size 1024K, 128 young (131072K), 19 survivors (19456K)
 Metaspace       used 175236K, committed 176064K, reserved 1204224K
  class space    used 22730K, committed 23104K, reserved 1048576K
}
Event: 107.069 GC heap after
{Heap after GC invocations=55 (full 0):
 garbage-first heap   total 348160K, used 181504K [0x0000000080000000, 0x0000000100000000)
  region size 1024K, 13 young (13312K), 13 survivors (13312K)
 Metaspace       used 175236K, committed 176064K, reserved 1204224K
  class space    used 22730K, committed 23104K, reserved 1048576K
}
Event: 107.094 GC heap before
{Heap before GC invocations=55 (full 0):
 garbage-first heap   total 348160K, used 185600K [0x0000000080000000, 0x0000000100000000)
  region size 1024K, 17 young (17408K), 13 survivors (13312K)
 Metaspace       used 175237K, committed 176064K, reserved 1204224K
  class space    used 22730K, committed 23104K, reserved 1048576K
}
Event: 107.128 GC heap after
{Heap after GC invocations=56 (full 0):
 garbage-first heap   total 348160K, used 179281K [0x0000000080000000, 0x0000000100000000)
  region size 1024K, 3 young (3072K), 3 survivors (3072K)
 Metaspace       used 175237K, committed 176064K, reserved 1204224K
  class space    used 22730K, committed 23104K, reserved 1048576K
}
Event: 109.889 GC heap before
{Heap before GC invocations=56 (full 0):
 garbage-first heap   total 348160K, used 283729K [0x0000000080000000, 0x0000000100000000)
  region size 1024K, 103 young (105472K), 3 survivors (3072K)
 Metaspace       used 180807K, committed 181632K, reserved 1212416K
  class space    used 23491K, committed 23872K, reserved 1048576K
}

