# JRE version: OpenJDK Runtime Environment (17.0.6) (build 17.0.6+0-b2043.56-10027231)
# Java VM: OpenJDK 64-Bit Server VM (17.0.6+0-b2043.56-10027231, mixed mode, tiered, compressed oops, compressed class ptrs, g1 gc, windows-amd64)
GC Precious Log:
 CPUs: 8 total, 8 available
 Memory: 11968M
 Large Page Support: Disabled
 NUMA Support: Disabled
 Compressed Oops: Enabled (32-bit)
 Heap Region Size: 1M
 Heap Min Capacity: 8M
 Heap Initial Capacity: 188M
 Heap Max Capacity: 2G
 Pre-touch: Disabled
 Parallel Workers: 8
 Concurrent Workers: 2
 Concurrent Refinement Workers: 8
 Periodic GC: Disabled
Heap:
 garbage-first heap   total 290816K, used 199984K [0x0000000080000000, 0x0000000100000000)
  region size 1024K, 8 young (8192K), 8 survivors (8192K)
 Metaspace       used 113849K, committed 114560K, reserved 1155072K
  class space    used 15459K, committed 15808K, reserved 1048576K
GC Heap History (20 events):
Event: 36.698 GC heap after
{Heap after GC invocations=45 (full 0):
 garbage-first heap   total 260096K, used 119877K [0x0000000080000000, 0x0000000100000000)
  region size 1024K, 6 young (6144K), 6 survivors (6144K)
 Metaspace       used 109481K, committed 110144K, reserved 1146880K
  class space    used 14853K, committed 15168K, reserved 1048576K
}
Event: 37.609 GC heap before
{Heap before GC invocations=45 (full 0):
 garbage-first heap   total 260096K, used 226373K [0x0000000080000000, 0x0000000100000000)
  region size 1024K, 110 young (112640K), 6 survivors (6144K)
 Metaspace       used 109489K, committed 110208K, reserved 1146880K
  class space    used 14853K, committed 15168K, reserved 1048576K
}
Event: 37.623 GC heap after
{Heap after GC invocations=46 (full 0):
 garbage-first heap   total 260096K, used 120118K [0x0000000080000000, 0x0000000100000000)
  region size 1024K, 6 young (6144K), 6 survivors (6144K)
 Metaspace       used 109489K, committed 110208K, reserved 1146880K
  class space    used 14853K, committed 15168K, reserved 1048576K
}
Event: 38.499 GC heap before
{Heap before GC invocations=46 (full 0):
 garbage-first heap   total 260096K, used 226614K [0x0000000080000000, 0x0000000100000000)
  region size 1024K, 110 young (112640K), 6 survivors (6144K)
 Metaspace       used 109503K, committed 110208K, reserved 1146880K
  class space    used 14853K, committed 15168K, reserved 1048576K
}
Event: 38.512 GC heap after
{Heap after GC invocations=47 (full 0):
 garbage-first heap   total 260096K, used 120779K [0x0000000080000000, 0x0000000100000000)
  region size 1024K, 6 young (6144K), 6 survivors (6144K)
 Metaspace       used 109503K, committed 110208K, reserved 1146880K
  class space    used 14853K, committed 15168K, reserved 1048576K
}
Event: 39.292 GC heap before
{Heap before GC invocations=47 (full 0):
 garbage-first heap   total 260096K, used 227275K [0x0000000080000000, 0x0000000100000000)
  region size 1024K, 110 young (112640K), 6 survivors (6144K)
 Metaspace       used 109521K, committed 110208K, reserved 1146880K
  class space    used 14853K, committed 15168K, reserved 1048576K
}
Event: 39.310 GC heap after
{Heap after GC invocations=48 (full 0):
 garbage-first heap   total 260096K, used 121348K [0x0000000080000000, 0x0000000100000000)
  region size 1024K, 7 young (7168K), 7 survivors (7168K)
 Metaspace       used 109521K, committed 110208K, reserved 1146880K
  class space    used 14853K, committed 15168K, reserved 1048576K
}
Event: 40.132 GC heap before
{Heap before GC invocations=48 (full 0):
 garbage-first heap   total 260096K, used 225796K [0x0000000080000000, 0x0000000100000000)
  region size 1024K, 109 young (111616K), 7 survivors (7168K)
 Metaspace       used 109541K, committed 110208K, reserved 1146880K
  class space    used 14856K, committed 15168K, reserved 1048576K
}
Event: 40.146 GC heap after
{Heap after GC invocations=49 (full 0):
 garbage-first heap   total 260096K, used 121975K [0x0000000080000000, 0x0000000100000000)
  region size 1024K, 8 young (8192K), 8 survivors (8192K)
 Metaspace       used 109541K, committed 110208K, reserved 1146880K
  class space    used 14856K, committed 15168K, reserved 1048576K
}
Event: 40.933 GC heap before
{Heap before GC invocations=49 (full 0):
 garbage-first heap   total 260096K, used 224375K [0x0000000080000000, 0x0000000100000000)
  region size 1024K, 108 young (110592K), 8 survivors (8192K)
 Metaspace       used 109618K, committed 110272K, reserved 1146880K
  class space    used 14871K, committed 15168K, reserved 1048576K
}
Event: 40.951 GC heap after
{Heap after GC invocations=50 (full 0):
 garbage-first heap   total 260096K, used 122316K [0x0000000080000000, 0x0000000100000000)
  region size 1024K, 8 young (8192K), 8 survivors (8192K)
 Metaspace       used 109618K, committed 110272K, reserved 1146880K
  class space    used 14871K, committed 15168K, reserved 1048576K
}
Event: 43.224 GC heap before
{Heap before GC invocations=50 (full 0):
 garbage-first heap   total 260096K, used 221644K [0x0000000080000000, 0x0000000100000000)
  region size 1024K, 105 young (107520K), 8 survivors (8192K)
 Metaspace       used 112449K, committed 113216K, reserved 1146880K
  class space    used 15262K, committed 15616K, reserved 1048576K
}
Event: 43.242 GC heap after
{Heap after GC invocations=51 (full 0):
 garbage-first heap   total 260096K, used 119776K [0x0000000080000000, 0x0000000100000000)
  region size 1024K, 5 young (5120K), 5 survivors (5120K)
 Metaspace       used 112449K, committed 113216K, reserved 1146880K
  class space    used 15262K, committed 15616K, reserved 1048576K
}
Event: 43.261 GC heap before
{Heap before GC invocations=51 (full 0):
 garbage-first heap   total 260096K, used 123872K [0x0000000080000000, 0x0000000100000000)
  region size 1024K, 8 young (8192K), 5 survivors (5120K)
 Metaspace       used 112469K, committed 113216K, reserved 1146880K
  class space    used 15265K, committed 15616K, reserved 1048576K
}
Event: 43.278 GC heap after
{Heap after GC invocations=52 (full 0):
 garbage-first heap   total 260096K, used 121580K [0x0000000080000000, 0x0000000100000000)
  region size 1024K, 5 young (5120K), 5 survivors (5120K)
 Metaspace       used 112469K, committed 113216K, reserved 1146880K
  class space    used 15265K, committed 15616K, reserved 1048576K
}
Event: 44.800 GC heap before
{Heap before GC invocations=53 (full 0):
 garbage-first heap   total 260096K, used 249580K [0x0000000080000000, 0x0000000100000000)
  region size 1024K, 93 young (95232K), 5 survivors (5120K)
 Metaspace       used 113792K, committed 114496K, reserved 1155072K
  class space    used 15459K, committed 15808K, reserved 1048576K
}
Event: 44.869 GC heap after
{Heap after GC invocations=54 (full 0):
 garbage-first heap   total 290816K, used 178047K [0x0000000080000000, 0x0000000100000000)
  region size 1024K, 14 young (14336K), 14 survivors (14336K)
 Metaspace       used 113792K, committed 114496K, reserved 1155072K
  class space    used 15459K, committed 15808K, reserved 1048576K
}
Event: 44.876 GC heap before
{Heap before GC invocations=54 (full 0):
 garbage-first heap   total 290816K, used 179071K [0x0000000080000000, 0x0000000100000000)
  region size 1024K, 15 young (15360K), 14 survivors (14336K)
 Metaspace       used 113795K, committed 114496K, reserved 1155072K
  class space    used 15459K, committed 15808K, reserved 1048576K
}
Event: 44.911 GC heap after
{Heap after GC invocations=55 (full 0):
 garbage-first heap   total 290816K, used 169936K [0x0000000080000000, 0x0000000100000000)
  region size 1024K, 2 young (2048K), 2 survivors (2048K)
 Metaspace       used 113795K, committed 114496K, reserved 1155072K
  class space    used 15459K, committed 15808K, reserved 1048576K
}
Event: 45.238 GC heap before
{Heap before GC invocations=55 (full 0):
 garbage-first heap   total 290816K, used 230352K [0x0000000080000000, 0x0000000100000000)
  region size 1024K, 61 young (62464K), 2 survivors (2048K)
 Metaspace       used 113849K, committed 114560K, reserved 1155072K
  class space    used 15459K, committed 15808K, reserved 1048576K
}

